R 4.1.1-rhel8
running
  '/opt/apps/rhel8/R-4.1.1/lib64/R/bin/R --no-echo --no-restore --vanilla --file=calcQi_mod.R'

Warning message:
package ‘readxl’ was built under R version 4.3.1 
── Attaching core tidyverse packages ──────────────────────── tidyverse 2.0.0 ──
✔ dplyr     1.1.1     ✔ readr     2.1.4
✔ forcats   1.0.0     ✔ stringr   1.5.0
✔ ggplot2   3.4.2     ✔ tibble    3.2.1
✔ lubridate 1.9.2     ✔ tidyr     1.3.0
✔ purrr     1.0.1     
── Conflicts ────────────────────────────────────────── tidyverse_conflicts() ──
✖ dplyr::arrange()   masks plyr::arrange()
✖ purrr::compact()   masks plyr::compact()
✖ dplyr::count()     masks plyr::count()
✖ dplyr::desc()      masks plyr::desc()
✖ dplyr::failwith()  masks plyr::failwith()
✖ dplyr::filter()    masks stats::filter()
✖ dplyr::id()        masks plyr::id()
✖ dplyr::lag()       masks stats::lag()
✖ dplyr::mutate()    masks plyr::mutate()
✖ dplyr::rename()    masks plyr::rename()
✖ dplyr::summarise() masks plyr::summarise()
✖ dplyr::summarize() masks plyr::summarize()
ℹ Use the conflicted package (<http://conflicted.r-lib.org/>) to force all conflicts to become errors
Warning message:
package ‘tidyverse’ was built under R version 4.3.1 
Warning message:
package ‘broom’ was built under R version 4.3.1 

Attaching package: ‘ggpubr’

The following object is masked from ‘package:plyr’:

    mutate

Welcome! Want to learn more? See two factoextra-related books at https://goo.gl/ve3WBa
Warning message:
package ‘factoextra’ was built under R version 4.3.1 
Warning message:
package ‘gemma2’ was built under R version 4.3.1 
Rows: 467263 Columns: 103
── Column specification ────────────────────────────────────────────────────────
Delimiter: ","
chr   (3): X1, X2, X3
dbl (100): X4, X5, X6, X7, X8, X9, X10, X11, X12, X13, X14, X15, X16, X17, X...

ℹ Use `spec()` to retrieve the full column specification for this data.
ℹ Specify the column types or set `show_col_types = FALSE` to quiet this message.
Rows: 100 Columns: 3
── Column specification ────────────────────────────────────────────────────────
Delimiter: "\t"
chr (1): Strain
dbl (2): slope, pc1

ℹ Use `spec()` to retrieve the full column specification for this data.
ℹ Specify the column types or set `show_col_types = FALSE` to quiet this message.
Rows: 100 Columns: 100
── Column specification ────────────────────────────────────────────────────────
Delimiter: "\t"
dbl (100): X1, X2, X3, X4, X5, X6, X7, X8, X9, X10, X11, X12, X13, X14, X15,...

ℹ Use `spec()` to retrieve the full column specification for this data.
ℹ Specify the column types or set `show_col_types = FALSE` to quiet this message.
Rows: 100 Columns: 1
── Column specification ────────────────────────────────────────────────────────
Delimiter: "\t"
dbl (1): X1

ℹ Use `spec()` to retrieve the full column specification for this data.
ℹ Specify the column types or set `show_col_types = FALSE` to quiet this message.
